2023-05-22 21:45:38 INFO log.py: Yasb - Yet Another Status Bar
2023-05-22 21:45:39 INFO bar_manager.py: Starting SystemEventListener...
2023-05-22 21:45:39 INFO bar_manager.py: Starting KomorebiEventListener...
2023-05-22 21:45:39 INFO event_listener.py: Created named pipe yasb-3af1650f-f8d9-11ed-ba2a-0456e5e3ce24
2023-05-22 21:45:39 INFO event_listener.py: Waiting for Komorebi to subscribe to named pipe yasb-3af1650f-f8d9-11ed-ba2a-0456e5e3ce24
2023-05-22 21:45:39 INFO watcher.py: Created file watcher for path C:\Users\justi\.yasb
2023-05-22 21:45:39 INFO event_listener.py: Komorebi connected to named pipe: yasb-3af1650f-f8d9-11ed-ba2a-0456e5e3ce24
2023-05-22 21:49:05 INFO bar_manager.py: Successfully loaded updated stylesheet and applied to all bars.
2023-05-22 21:50:05 INFO bar_manager.py: Stopping SystemEventListener...
2023-05-22 21:50:06 INFO bar_manager.py: Stopping KomorebiEventListener...
2023-05-22 21:50:07 INFO bar_manager.py: Starting SystemEventListener...
2023-05-22 21:50:07 INFO bar_manager.py: Starting KomorebiEventListener...
2023-05-22 21:50:07 INFO bar_manager.py: Successfully loaded updated config and re-initialised all bars.
2023-05-22 21:50:07 INFO event_listener.py: Created named pipe yasb-da3262c7-f8d9-11ed-877b-0456e5e3ce24
2023-05-22 21:50:07 INFO event_listener.py: Waiting for Komorebi to subscribe to named pipe yasb-da3262c7-f8d9-11ed-877b-0456e5e3ce24
2023-05-22 21:50:07 INFO event_listener.py: Komorebi connected to named pipe: yasb-da3262c7-f8d9-11ed-877b-0456e5e3ce24
2023-05-22 21:50:11 INFO bar_manager.py: Stopping SystemEventListener...
2023-05-22 21:50:12 INFO bar_manager.py: Stopping KomorebiEventListener...
2023-05-22 21:50:13 INFO bar_manager.py: Starting SystemEventListener...
2023-05-22 21:50:13 INFO bar_manager.py: Starting KomorebiEventListener...
2023-05-22 21:50:13 INFO bar_manager.py: Successfully loaded updated config and re-initialised all bars.
2023-05-22 21:50:13 INFO event_listener.py: Created named pipe yasb-ddc6c751-f8d9-11ed-8f87-0456e5e3ce24
2023-05-22 21:50:13 INFO event_listener.py: Waiting for Komorebi to subscribe to named pipe yasb-ddc6c751-f8d9-11ed-8f87-0456e5e3ce24
2023-05-22 21:50:13 INFO event_listener.py: Komorebi connected to named pipe: yasb-ddc6c751-f8d9-11ed-8f87-0456e5e3ce24
2023-05-22 21:50:19 INFO bar_manager.py: Stopping SystemEventListener...
2023-05-22 21:50:19 INFO bar_manager.py: Stopping KomorebiEventListener...
2023-05-22 21:50:20 INFO bar_manager.py: Starting SystemEventListener...
2023-05-22 21:50:20 INFO bar_manager.py: Starting KomorebiEventListener...
2023-05-22 21:50:20 INFO bar_manager.py: Successfully loaded updated config and re-initialised all bars.
2023-05-22 21:50:20 INFO event_listener.py: Created named pipe yasb-e24e63cd-f8d9-11ed-84c8-0456e5e3ce24
2023-05-22 21:50:20 INFO event_listener.py: Waiting for Komorebi to subscribe to named pipe yasb-e24e63cd-f8d9-11ed-84c8-0456e5e3ce24
2023-05-22 21:50:20 INFO event_listener.py: Komorebi connected to named pipe: yasb-e24e63cd-f8d9-11ed-84c8-0456e5e3ce24
2023-05-22 21:50:22 INFO bar_manager.py: Stopping SystemEventListener...
2023-05-22 21:50:23 INFO bar_manager.py: Stopping KomorebiEventListener...
2023-05-22 21:50:24 INFO bar_manager.py: Starting SystemEventListener...
2023-05-22 21:50:24 INFO bar_manager.py: Starting KomorebiEventListener...
2023-05-22 21:50:24 INFO bar_manager.py: Successfully loaded updated config and re-initialised all bars.
2023-05-22 21:50:24 INFO event_listener.py: Created named pipe yasb-e4607886-f8d9-11ed-83e2-0456e5e3ce24
2023-05-22 21:50:24 INFO event_listener.py: Waiting for Komorebi to subscribe to named pipe yasb-e4607886-f8d9-11ed-83e2-0456e5e3ce24
2023-05-22 21:50:24 INFO event_listener.py: Komorebi connected to named pipe: yasb-e4607886-f8d9-11ed-83e2-0456e5e3ce24
2023-05-22 21:50:30 INFO bar_manager.py: Stopping SystemEventListener...
2023-05-22 21:50:30 INFO bar_manager.py: Stopping KomorebiEventListener...
2023-05-22 21:50:31 INFO bar_manager.py: Starting SystemEventListener...
2023-05-22 21:50:31 INFO bar_manager.py: Starting KomorebiEventListener...
2023-05-22 21:50:31 INFO bar_manager.py: Successfully loaded updated config and re-initialised all bars.
2023-05-22 21:50:31 INFO event_listener.py: Created named pipe yasb-e8ad306f-f8d9-11ed-992d-0456e5e3ce24
2023-05-22 21:50:31 INFO event_listener.py: Waiting for Komorebi to subscribe to named pipe yasb-e8ad306f-f8d9-11ed-992d-0456e5e3ce24
2023-05-22 21:50:31 INFO event_listener.py: Komorebi connected to named pipe: yasb-e8ad306f-f8d9-11ed-992d-0456e5e3ce24
2023-05-22 21:50:35 INFO bar_manager.py: Stopping SystemEventListener...
2023-05-22 21:50:35 INFO bar_manager.py: Stopping KomorebiEventListener...
2023-05-22 21:50:36 INFO bar_manager.py: Starting SystemEventListener...
2023-05-22 21:50:36 INFO bar_manager.py: Starting KomorebiEventListener...
2023-05-22 21:50:36 INFO bar_manager.py: Successfully loaded updated config and re-initialised all bars.
2023-05-22 21:50:36 INFO event_listener.py: Created named pipe yasb-ebd608fc-f8d9-11ed-b00d-0456e5e3ce24
2023-05-22 21:50:36 INFO event_listener.py: Waiting for Komorebi to subscribe to named pipe yasb-ebd608fc-f8d9-11ed-b00d-0456e5e3ce24
2023-05-22 21:50:36 INFO event_listener.py: Komorebi connected to named pipe: yasb-ebd608fc-f8d9-11ed-b00d-0456e5e3ce24
2023-05-22 21:50:40 INFO bar_manager.py: Stopping SystemEventListener...
2023-05-22 21:50:40 INFO bar_manager.py: Stopping KomorebiEventListener...
2023-05-22 21:50:41 INFO bar_manager.py: Starting SystemEventListener...
2023-05-22 21:50:41 INFO bar_manager.py: Starting KomorebiEventListener...
2023-05-22 21:50:41 INFO bar_manager.py: Successfully loaded updated config and re-initialised all bars.
2023-05-22 21:50:41 INFO event_listener.py: Created named pipe yasb-eeca378d-f8d9-11ed-9706-0456e5e3ce24
2023-05-22 21:50:41 INFO event_listener.py: Waiting for Komorebi to subscribe to named pipe yasb-eeca378d-f8d9-11ed-9706-0456e5e3ce24
2023-05-22 21:50:41 INFO event_listener.py: Komorebi connected to named pipe: yasb-eeca378d-f8d9-11ed-9706-0456e5e3ce24
2023-05-22 21:50:53 INFO bar_manager.py: Stopping SystemEventListener...
2023-05-22 21:50:54 INFO bar_manager.py: Stopping KomorebiEventListener...
2023-05-22 21:50:55 INFO bar_manager.py: Starting SystemEventListener...
2023-05-22 21:50:55 INFO bar_manager.py: Starting KomorebiEventListener...
2023-05-22 21:50:55 INFO bar_manager.py: Successfully loaded updated config and re-initialised all bars.
2023-05-22 21:50:55 INFO event_listener.py: Created named pipe yasb-f6c55242-f8d9-11ed-a645-0456e5e3ce24
2023-05-22 21:50:55 INFO event_listener.py: Waiting for Komorebi to subscribe to named pipe yasb-f6c55242-f8d9-11ed-a645-0456e5e3ce24
2023-05-22 21:50:55 INFO event_listener.py: Komorebi connected to named pipe: yasb-f6c55242-f8d9-11ed-a645-0456e5e3ce24
2023-05-22 21:51:20 INFO bar_manager.py: Stopping SystemEventListener...
2023-05-22 21:51:21 INFO bar_manager.py: Stopping KomorebiEventListener...
2023-05-22 21:51:21 INFO bar_manager.py: Starting SystemEventListener...
2023-05-22 21:51:21 INFO bar_manager.py: Starting KomorebiEventListener...
2023-05-22 21:51:21 INFO bar_manager.py: Successfully loaded updated config and re-initialised all bars.
2023-05-22 21:51:21 INFO event_listener.py: Created named pipe yasb-06d1b064-f8da-11ed-96d7-0456e5e3ce24
2023-05-22 21:51:21 INFO event_listener.py: Waiting for Komorebi to subscribe to named pipe yasb-06d1b064-f8da-11ed-96d7-0456e5e3ce24
2023-05-22 21:51:22 INFO event_listener.py: Komorebi connected to named pipe: yasb-06d1b064-f8da-11ed-96d7-0456e5e3ce24
2023-05-22 21:52:23 INFO bar_manager.py: Stopping SystemEventListener...
2023-05-22 21:52:24 INFO bar_manager.py: Stopping KomorebiEventListener...
2023-05-22 21:52:25 INFO bar_manager.py: Starting SystemEventListener...
2023-05-22 21:52:25 INFO bar_manager.py: Starting KomorebiEventListener...
2023-05-22 21:52:25 INFO bar_manager.py: Successfully loaded updated config and re-initialised all bars.
2023-05-22 21:52:25 INFO event_listener.py: Created named pipe yasb-2c70b8d4-f8da-11ed-9f48-0456e5e3ce24
2023-05-22 21:52:25 INFO event_listener.py: Waiting for Komorebi to subscribe to named pipe yasb-2c70b8d4-f8da-11ed-9f48-0456e5e3ce24
2023-05-22 21:52:25 INFO event_listener.py: Komorebi connected to named pipe: yasb-2c70b8d4-f8da-11ed-9f48-0456e5e3ce24
2023-05-22 21:52:38 INFO bar_manager.py: Stopping SystemEventListener...
2023-05-22 21:52:38 INFO bar_manager.py: Stopping KomorebiEventListener...
2023-05-22 21:52:39 INFO bar_manager.py: Starting SystemEventListener...
2023-05-22 21:52:39 INFO bar_manager.py: Starting KomorebiEventListener...
2023-05-22 21:52:39 INFO bar_manager.py: Successfully loaded updated config and re-initialised all bars.
2023-05-22 21:52:39 INFO event_listener.py: Created named pipe yasb-3508e361-f8da-11ed-8f41-0456e5e3ce24
2023-05-22 21:52:39 INFO event_listener.py: Waiting for Komorebi to subscribe to named pipe yasb-3508e361-f8da-11ed-8f41-0456e5e3ce24
2023-05-22 21:52:39 INFO event_listener.py: Komorebi connected to named pipe: yasb-3508e361-f8da-11ed-8f41-0456e5e3ce24
2023-05-22 21:52:49 INFO bar_manager.py: Stopping SystemEventListener...
2023-05-22 21:52:50 INFO bar_manager.py: Stopping KomorebiEventListener...
2023-05-22 21:52:51 INFO bar_manager.py: Starting SystemEventListener...
2023-05-22 21:52:51 INFO bar_manager.py: Starting KomorebiEventListener...
2023-05-22 21:52:51 INFO bar_manager.py: Successfully loaded updated config and re-initialised all bars.
2023-05-22 21:52:51 INFO event_listener.py: Created named pipe yasb-3c0cfa8c-f8da-11ed-8543-0456e5e3ce24
2023-05-22 21:52:51 INFO event_listener.py: Waiting for Komorebi to subscribe to named pipe yasb-3c0cfa8c-f8da-11ed-8543-0456e5e3ce24
2023-05-22 21:52:51 INFO event_listener.py: Komorebi connected to named pipe: yasb-3c0cfa8c-f8da-11ed-8543-0456e5e3ce24
